<?xml version="1.0" encoding="UTF-8"?>
<testsuites>
	<testsuite name="test" id="168ff629-01d2-77f5-89c6-7814367f459b" timestamp="2015-02-10T16:58:57.220Z" time="0.00 ms" totalTime="0 ms" tests="0" iterations="1" failures="0" successes="0">
	</testsuite>
</testsuites>
